<?xml version="1.0" encoding="UTF-8"?>
<!-- Generated by org.testng.reporters.JUnitReportReporter -->
<testsuite hostname="DESKTOP-ACLM5L8" failures="0" tests="3" name="org.execution.TestScript" time="15.798" errors="0" timestamp="18 Sep 2024 05:12:32 GMT" skipped="0">
  <testcase classname="org.execution.TestScript" name="homePageValidation" time="5.831"/>
  <testcase classname="org.execution.TestScript" name="kurtiSetPageValidation" time="7.874"/>
  <testcase classname="org.execution.TestScript" name="logout" time="2.093"/>
</testsuite> <!-- org.execution.TestScript -->
